[debug] [2025-04-22T17:19:07.448Z] ----------------------------------------------------------------------
[debug] [2025-04-22T17:19:07.452Z] Command:       C:\Program Files\nodejs\node.exe C:\Users\romir\AppData\Roaming\npm\node_modules\firebase-tools\lib\bin\firebase.js init
[debug] [2025-04-22T17:19:07.453Z] CLI Version:   14.2.0
[debug] [2025-04-22T17:19:07.453Z] Platform:      win32
[debug] [2025-04-22T17:19:07.453Z] Node Version:  v20.18.0
[debug] [2025-04-22T17:19:07.453Z] Time:          Tue Apr 22 2025 12:19:07 GMT-0500 (Central Daylight Time)
[debug] [2025-04-22T17:19:07.453Z] ----------------------------------------------------------------------
[debug] 
[debug] [2025-04-22T17:19:07.466Z] > command requires scopes: ["email","openid","https://www.googleapis.com/auth/cloudplatformprojects.readonly","https://www.googleapis.com/auth/firebase","https://www.googleapis.com/auth/cloud-platform"]
[debug] [2025-04-22T17:19:07.467Z] > authorizing via signed-in user (romirmohan2028@u.northwestern.edu)
[info] 
     ######## #### ########  ######## ########     ###     ######  ########
     ##        ##  ##     ## ##       ##     ##  ##   ##  ##       ##
     ######    ##  ########  ######   ########  #########  ######  ######
     ##        ##  ##    ##  ##       ##     ## ##     ##       ## ##
     ##       #### ##     ## ######## ########  ##     ##  ######  ########

You're about to initialize a Firebase project in this directory:

  C:\Users\romir\School\Clubs\KTP\grafix

[info] 
=== Project Setup
[info] 
[info] First, let's associate this project directory with a Firebase project.
[info] You can create multiple project aliases by running firebase use --add, 
[info] but for now we'll just set up a default project.
[info] 
[debug] [2025-04-22T17:19:43.509Z] Checked if tokens are valid: false, expires at: 1745299707042
[debug] [2025-04-22T17:19:43.510Z] Checked if tokens are valid: false, expires at: 1745299707042
[debug] [2025-04-22T17:19:43.511Z] > refreshing access token with scopes: []
[debug] [2025-04-22T17:19:43.515Z] >>> [apiv2][query] POST https://www.googleapis.com/oauth2/v3/token [none]
[debug] [2025-04-22T17:19:43.515Z] >>> [apiv2][body] POST https://www.googleapis.com/oauth2/v3/token [omitted]
[debug] [2025-04-22T17:19:43.734Z] <<< [apiv2][status] POST https://www.googleapis.com/oauth2/v3/token 200
[debug] [2025-04-22T17:19:43.735Z] <<< [apiv2][body] POST https://www.googleapis.com/oauth2/v3/token [omitted]
[debug] [2025-04-22T17:19:43.757Z] >>> [apiv2][query] GET https://firebase.googleapis.com/v1beta1/projects pageSize=100
[debug] [2025-04-22T17:19:44.011Z] <<< [apiv2][status] GET https://firebase.googleapis.com/v1beta1/projects 200
[debug] [2025-04-22T17:19:44.012Z] <<< [apiv2][body] GET https://firebase.googleapis.com/v1beta1/projects [omitted]
